[debug] [2025-02-06T01:04:36.139Z] ----------------------------------------------------------------------
[debug] [2025-02-06T01:04:36.142Z] Command:       C:\Program Files\nodejs\node.exe C:\Users\liban\AppData\Roaming\npm\node_modules\firebase-tools\lib\bin\firebase.js init hosting
[debug] [2025-02-06T01:04:36.142Z] CLI Version:   13.30.0
[debug] [2025-02-06T01:04:36.142Z] Platform:      win32
[debug] [2025-02-06T01:04:36.142Z] Node Version:  v22.12.0
[debug] [2025-02-06T01:04:36.142Z] Time:          Wed Feb 05 2025 20:04:36 GMT-0500 (Eastern Standard Time)
[debug] [2025-02-06T01:04:36.142Z] ----------------------------------------------------------------------
[debug] 
[debug] [2025-02-06T01:04:36.290Z] > command requires scopes: ["email","openid","https://www.googleapis.com/auth/cloudplatformprojects.readonly","https://www.googleapis.com/auth/firebase","https://www.googleapis.com/auth/cloud-platform"]
[debug] [2025-02-06T01:04:36.290Z] > authorizing via signed-in user (reybletart@gmail.com)
[info] 
     ######## #### ########  ######## ########     ###     ######  ########
     ##        ##  ##     ## ##       ##     ##  ##   ##  ##       ##
     ######    ##  ########  ######   ########  #########  ######  ######
     ##        ##  ##    ##  ##       ##     ## ##     ##       ## ##
     ##       #### ##     ## ######## ########  ##     ##  ######  ########

You're about to initialize a Firebase project in this directory:

  C:\Users\liban\downloads\january2025ssbu\smash-tournament-locator

Before we get started, keep in mind:

  * You are initializing within an existing Firebase project directory

[info] 
=== Project Setup
[info] 
[info] First, let's associate this project directory with a Firebase project.
[info] You can create multiple project aliases by running firebase use --add, 
[info] but for now we'll just set up a default project.
[info] 
[debug] [2025-02-06T01:04:39.262Z] Using project from CLI flag: super-smash-locator
[debug] [2025-02-06T01:04:39.263Z] Checked if tokens are valid: true, expires at: 1738807067922
[debug] [2025-02-06T01:04:39.263Z] Checked if tokens are valid: true, expires at: 1738807067922
[debug] [2025-02-06T01:04:39.264Z] >>> [apiv2][query] GET https://firebase.googleapis.com/v1beta1/projects/super-smash-locator [none]
[debug] [2025-02-06T01:04:39.806Z] <<< [apiv2][status] GET https://firebase.googleapis.com/v1beta1/projects/super-smash-locator 200
[debug] [2025-02-06T01:04:39.806Z] <<< [apiv2][body] GET https://firebase.googleapis.com/v1beta1/projects/super-smash-locator {"projectId":"super-smash-locator","projectNumber":"350271548433","displayName":"super-smash-locator","name":"projects/super-smash-locator","resources":{"hostingSite":"super-smash-locator"},"state":"ACTIVE","etag":"1_cb6fe474-ce75-4c3e-a1dc-6c199d4bb0b4"}
[info] i  Using project super-smash-locator (super-smash-locator) 
[info] 
=== Hosting Setup
[debug] [2025-02-06T01:04:39.813Z] Checked if tokens are valid: true, expires at: 1738807067922
[debug] [2025-02-06T01:04:39.813Z] Checked if tokens are valid: true, expires at: 1738807067922
[debug] [2025-02-06T01:04:39.813Z] >>> [apiv2][query] GET https://firebase.googleapis.com/v1beta1/projects/super-smash-locator [none]
[debug] [2025-02-06T01:04:40.098Z] <<< [apiv2][status] GET https://firebase.googleapis.com/v1beta1/projects/super-smash-locator 200
[debug] [2025-02-06T01:04:40.098Z] <<< [apiv2][body] GET https://firebase.googleapis.com/v1beta1/projects/super-smash-locator {"projectId":"super-smash-locator","projectNumber":"350271548433","displayName":"super-smash-locator","name":"projects/super-smash-locator","resources":{"hostingSite":"super-smash-locator"},"state":"ACTIVE","etag":"1_cb6fe474-ce75-4c3e-a1dc-6c199d4bb0b4"}
[info] 
[info] Your public directory is the folder (relative to your project directory) that
[info] will contain Hosting assets to be uploaded with firebase deploy. If you
[info] have a build process for your assets, use your build's output directory.
[info] 
[debug] [2025-02-06T01:04:49.096Z] >>> [apiv2][query] GET https://www.gstatic.com/firebasejs/releases.json [none]
[debug] [2025-02-06T01:04:49.266Z] <<< [apiv2][status] GET https://www.gstatic.com/firebasejs/releases.json 200
[debug] [2025-02-06T01:04:49.266Z] <<< [apiv2][body] GET https://www.gstatic.com/firebasejs/releases.json {"current":{"version":"11.2.0","browserURL":"https://www.gstatic.com/firebasejs/11.2.0/firebase.js","packageURL":"https://www.gstatic.com/firebasejs/11.2.0/firebase.tgz"},"live":{"version":"11.2","browserURL":"https://www.gstatic.com/firebasejs/live/11.2/firebase.js","packageURL":"https://www.gstatic.com/firebasejs/live/11.2/firebase.tgz"},"components":{"analytics":"https://www.gstatic.com/firebasejs/11.2.0/firebase-analytics.js","app":"https://www.gstatic.com/firebasejs/11.2.0/firebase-app.js","app-check":"https://www.gstatic.com/firebasejs/11.2.0/firebase-app-check.js","auth":"https://www.gstatic.com/firebasejs/11.2.0/firebase-auth.js","auth/cordova":"https://www.gstatic.com/firebasejs/11.2.0/firebase-auth/cordova.js","auth/web-extension":"https://www.gstatic.com/firebasejs/11.2.0/firebase-auth/web-extension.js","functions":"https://www.gstatic.com/firebasejs/11.2.0/firebase-functions.js","firestore":"https://www.gstatic.com/firebasejs/11.2.0/firebase-firestore.js","firestore/lite":"https://www.gstatic.com/firebasejs/11.2.0/firebase-firestore/lite.js","installations":"https://www.gstatic.com/firebasejs/11.2.0/firebase-installations.js","storage":"https://www.gstatic.com/firebasejs/11.2.0/firebase-storage.js","performance":"https://www.gstatic.com/firebasejs/11.2.0/firebase-performance.js","remote-config":"https://www.gstatic.com/firebasejs/11.2.0/firebase-remote-config.js","messaging":"https://www.gstatic.com/firebasejs/11.2.0/firebase-messaging.js","messaging/sw":"https://www.gstatic.com/firebasejs/11.2.0/firebase-messaging/sw.js","database":"https://www.gstatic.com/firebasejs/11.2.0/firebase-database.js","vertexai":"https://www.gstatic.com/firebasejs/11.2.0/firebase-vertexai.js","data-connect":"https://www.gstatic.com/firebasejs/11.2.0/firebase-data-connect.js","firestore.memory":"https://www.gstatic.com/firebasejs/11.2.0/firebase-firestore.memory.js"}}
[info] +  Wrote public/index.html 
[info] 
[info] i  Detected a .git folder at C:\Users\liban\downloads\january2025ssbu\smash-tournament-locator 
[info] i  Authorizing with GitHub to upload your service account to a GitHub repository's secrets store. 
[info] 
[info] Visit this URL on this device to log in:
[info] https://github.com/login/oauth/authorize?client_id=89cf50f02ac6aaed3484&state=781820988&redirect_uri=http%3A%2F%2Flocalhost%3A9005&scope=read%3Auser%20repo%20public_repo
[info] 
[info] Waiting for authentication...
[debug] [2025-02-06T01:05:29.567Z] >>> [apiv2][query] POST https://github.com/login/oauth/access_token [none]
[debug] [2025-02-06T01:05:29.567Z] >>> [apiv2][body] POST https://github.com/login/oauth/access_token [stream]
[debug] [2025-02-06T01:05:29.874Z] <<< [apiv2][status] POST https://github.com/login/oauth/access_token 200
[debug] [2025-02-06T01:05:29.874Z] <<< [apiv2][body] POST https://github.com/login/oauth/access_token {"access_token":"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","token_type":"bearer","scope":"read:user,repo"}
[debug] [2025-02-06T01:05:29.881Z] >>> [apiv2][query] GET https://api.github.com/user [none]
[debug] [2025-02-06T01:05:30.116Z] <<< [apiv2][status] GET https://api.github.com/user 200
[debug] [2025-02-06T01:05:30.117Z] <<< [apiv2][body] GET https://api.github.com/user {"login":"Liban-Mahdi","id":145867225,"node_id":"U_kgDOCLHB2Q","avatar_url":"https://avatars.githubusercontent.com/u/145867225?v=4","gravatar_id":"","url":"https://api.github.com/users/Liban-Mahdi","html_url":"https://github.com/Liban-Mahdi","followers_url":"https://api.github.com/users/Liban-Mahdi/followers","following_url":"https://api.github.com/users/Liban-Mahdi/following{/other_user}","gists_url":"https://api.github.com/users/Liban-Mahdi/gists{/gist_id}","starred_url":"https://api.github.com/users/Liban-Mahdi/starred{/owner}{/repo}","subscriptions_url":"https://api.github.com/users/Liban-Mahdi/subscriptions","organizations_url":"https://api.github.com/users/Liban-Mahdi/orgs","repos_url":"https://api.github.com/users/Liban-Mahdi/repos","events_url":"https://api.github.com/users/Liban-Mahdi/events{/privacy}","received_events_url":"https://api.github.com/users/Liban-Mahdi/received_events","type":"User","user_view_type":"private","site_admin":false,"name":null,"company":null,"blog":"","location":"Ottawa, Ontario","email":null,"hireable":null,"bio":"2nd Year Computer Science @ University of Ottawa\r\n","twitter_username":null,"notification_email":null,"public_repos":4,"public_gists":0,"followers":0,"following":0,"created_at":"2023-09-23T18:18:32Z","updated_at":"2025-02-06T01:05:01Z","private_gists":0,"total_private_repos":1,"owned_private_repos":1,"disk_usage":7887,"collaborators":0,"two_factor_authentication":false,"plan":{"name":"free","space":976562499,"collaborators":0,"private_repos":10000}}
[info] 
[info] +  Success! Logged into GitHub as Liban-Mahdi 
[info] 
[debug] [2025-02-06T01:06:58.596Z] >>> [apiv2][query] GET https://api.github.com/repos//actions/secrets/public-key type=owner
[debug] [2025-02-06T01:06:58.765Z] <<< [apiv2][status] GET https://api.github.com/repos//actions/secrets/public-key 404
[debug] [2025-02-06T01:06:58.765Z] <<< [apiv2][body] GET https://api.github.com/repos//actions/secrets/public-key {"message":"Not Found","documentation_url":"https://docs.github.com/rest","status":"404"}
[info] 
[info] 
[error] !  The provided authorization cannot be used with this repository. If this repository is in an organization, did you remember to grant access? 
[info] 
[info] i  Action required: Visit this URL to ensure access has been granted to the appropriate organization(s) for the Firebase CLI GitHub OAuth App: 
[info] https://github.com/settings/connections/applications/89cf50f02ac6aaed3484
[info] 
